<?xml version="1.0" encoding="UTF-8"?>
<!-- Generated by org.testng.reporters.JUnitReportReporter -->
<testsuite hostname="PK-test-2.home" failures="0" tests="5" name="TestMethods.TestCase1" time="119.181" errors="0" timestamp="2024-03-22T16:08:37 CET" skipped="1">
  <testcase classname="TestMethods.TestCase1" name="VerifyModuleForAutomation" time="42.517"/>
  <testcase classname="TestMethods.TestCase1" name="VerifyModuleForAutomation" time="31.912"/>
  <testcase classname="TestMethods.TestCase1" name="VerifyIfModuleIsAddedUsingSearchBox" time="19.341"/>
  <testcase classname="TestMethods.TestCase1" name="VerifyIfDiaryModuleIsAddedToHomePage" time="25.411"/>
  <testcase classname="TestMethods.TestCase1" name="VerifyIfTrainingModuleIsAddedToHomePage">
    <skipped/>
  </testcase> <!-- VerifyIfTrainingModuleIsAddedToHomePage -->
</testsuite> <!-- TestMethods.TestCase1 -->
